<?xml version="1.0" encoding="UTF-8"?>
<soapenv:Fault xmlns:soapenv="http://schemas.xmlsoap.org/soap/envelope/"><faultcode>soapenv:Client</faultcode><faultstring>BEA-382030: Failure while unmarshalling message: Failed to parse XML text</faultstring><detail><con:fault xmlns:con="http://www.bea.com/wli/sb/context"><con:errorCode>BEA-382030</con:errorCode><con:reason>Failure while unmarshalling message: Failed to parse XML text</con:reason><con:location><con:node>Enrich</con:node><con:pipeline>Enrich_request</con:pipeline><con:stage>DetermineRoute</con:stage><con:path>request-pipeline</con:path></con:location></con:fault></detail></soapenv:Fault>
